


materialPath: C:\Program Files (x86)\Steam\steamapps\common\Counter-Strike Source\cstrike\materials
Loading C:\Users\Dane\Documents\Development\dodgeball.vmf
Could not locate 'GameData' key in c:\program files (x86)\steam\steamapps\common\counter-strike source\cstrike\gameinfo.txt
fixing up env_cubemap materials on brush sides...
0...1...2...3...4...5...6...7...8...9...10**** leaked ****
Processing areas...done (0)
Building Faces...done (0)
FixTjuncs...
PruneNodes...
WriteBSP...
done (0)
Creating default LDR cubemaps for env_cubemap using skybox materials:
   skybox/sky_day01_01*.vmt
 ! Run buildcubemaps in the engine to get the correct cube maps.
Creating default HDR cubemaps for env_cubemap using skybox materials:
   skybox/sky_day01_01*.vmt
 ! Run buildcubemaps in the engine to get the correct cube maps.
Finding displacement neighbors...
Finding lightmap sample positions...
Displacement Alpha : 0...1...2...3...4...5...6...7...8...9...10
Building Physics collision data...
done (0) (575 bytes)
Placing detail props : 0...1...2...3...4...5...6...7...8...9...10
Compacting texture/material tables...
Reduced 3 texinfos to 3
Reduced 1 texdatas to 1 (21 bytes to 21)
Writing C:\Users\Dane\Documents\Development\dodgeball.bsp
Wrote ZIP buffer, estimated size 105881, actual size 105667
0 seconds elapsed



4 threads
reading c:\users\dane\documents\development\dodgeball.bsp
reading c:\users\dane\documents\development\dodgeball.prt
LoadPortals: couldn't read c:\users\dane\documents\development\dodgeball.prt



[Reading texlights from 'lights.rad']
[2 texlights parsed from 'lights.rad']

Loading c:\users\dane\documents\development\dodgeball.bsp
No vis information, direct lighting only.
28 faces
16213 square feet [2334720.00 square inches]
0 Displacements
0 Square Feet [0.00 Square Inches]
0 direct lights
0...1...2...3...4...5...6...7...8...9...10Build Patch/Sample Hash Table(s).....Done<0.0009 sec>
0...1...2...3...4...5...6...7...8...9...10FinalLightFace Done
0 of 0 (0% of) surface lights went in leaf ambient cubes.
0...1...2...3...4...5...6...7...8...9...10Writing leaf ambient...done
Ready to Finish

Object names       Objects/Maxobjs  Memory / Maxmem  Fullness 
------------       ---------------  ---------------  -------- 
models                   1/1024           48/49152    ( 0.1%) 
brushes                  1/8192           12/98304    ( 0.0%) 
brushsides               6/65536          48/524288   ( 0.0%) 
planes                  28/65536         560/1310720  ( 0.0%) 
vertexes                31/65536         372/786432   ( 0.0%) 
nodes                   31/65536         992/2097152  ( 0.0%) 
texinfos                 3/12288         216/884736   ( 0.0%) 
texdata                  1/2048           32/65536    ( 0.0%) 
dispinfos                0/0               0/0        ( 0.0%) 
disp_verts               0/0               0/0        ( 0.0%) 
disp_tris                0/0               0/0        ( 0.0%) 
disp_lmsamples           0/0               0/0        ( 0.0%) 
faces                   28/65536        1568/3670016  ( 0.0%) 
hdr faces                0/65536           0/3670016  ( 0.0%) 
origfaces                6/65536         336/3670016  ( 0.0%) 
leaves                  33/65536        1056/2097152  ( 0.1%) 
leaffaces               28/65536          56/131072   ( 0.0%) 
leafbrushes              4/65536           8/131072   ( 0.0%) 
areas                    1/256             8/2048     ( 0.4%) 
surfedges              136/512000        544/2048000  ( 0.0%) 
edges                   69/256000        276/1024000  ( 0.0%) 
LDR worldlights          0/8192            0/720896   ( 0.0%) 
HDR worldlights          0/8192            0/720896   ( 0.0%) 
leafwaterdata            0/32768           0/393216   ( 0.0%) 
waterstrips              0/32768           0/327680   ( 0.0%) 
waterverts               0/65536           0/786432   ( 0.0%) 
waterindices             0/65536           0/131072   ( 0.0%) 
cubemapsamples           0/1024            0/16384    ( 0.0%) 
overlays                 0/512             0/180224   ( 0.0%) 
LDR lightdata         [variable]       41172/0        ( 0.0%) 
HDR lightdata         [variable]           0/0        ( 0.0%) 
visdata               [variable]           0/16777216 ( 0.0%) 
entdata               [variable]         233/393216   ( 0.1%) 
LDR ambient table       33/65536         132/262144   ( 0.1%) 
HDR ambient table       33/65536         132/262144   ( 0.1%) 
LDR leaf ambient        28/65536         784/1835008  ( 0.0%) 
HDR leaf ambient        33/65536         924/1835008  ( 0.1%) 
occluders                0/0               0/0        ( 0.0%) 
occluder polygons        0/0               0/0        ( 0.0%) 
occluder vert ind        0/0               0/0        ( 0.0%) 
detail props          [variable]           1/12       ( 8.3%) 
static props          [variable]           1/12       ( 8.3%) 
pakfile               [variable]      105667/0        ( 0.0%) 
physics               [variable]         575/4194304  ( 0.0%) 
physics terrain       [variable]           2/1048576  ( 0.0%) 

Level flags = 0

Total triangle count: 56
Writing c:\users\dane\documents\development\dodgeball.bsp
0 seconds elapsed



materialPath: C:\Program Files (x86)\Steam\steamapps\common\Counter-Strike Source\cstrike\materials
Loading C:\Users\Dane\Documents\Development\dodgeball.vmf
Could not locate 'GameData' key in c:\program files (x86)\steam\steamapps\common\counter-strike source\cstrike\gameinfo.txt
fixing up env_cubemap materials on brush sides...
0...1...2...3...4...5...6...7...8...9...10**** leaked ****
Entity info_player_terrorist (-507.56 -44.64 65.00) leaked!
Processing areas...done (0)
Building Faces...done (0)
FixTjuncs...
PruneNodes...
WriteBSP...
done (0)
Creating default LDR cubemaps for env_cubemap using skybox materials:
   skybox/sky_day01_01*.vmt
 ! Run buildcubemaps in the engine to get the correct cube maps.
Creating default HDR cubemaps for env_cubemap using skybox materials:
   skybox/sky_day01_01*.vmt
 ! Run buildcubemaps in the engine to get the correct cube maps.
Finding displacement neighbors...
Finding lightmap sample positions...
Displacement Alpha : 0...1...2...3...4...5...6...7...8...9...10
Building Physics collision data...
done (0) (578 bytes)
Placing detail props : 0...1...2...3...4...5...6...7...8...9...10
Compacting texture/material tables...
Reduced 3 texinfos to 3
Reduced 1 texdatas to 1 (27 bytes to 27)
Writing C:\Users\Dane\Documents\Development\dodgeball.bsp
Wrote ZIP buffer, estimated size 105881, actual size 105667
0 seconds elapsed



4 threads
reading c:\users\dane\documents\development\dodgeball.bsp
reading c:\users\dane\documents\development\dodgeball.prt
LoadPortals: couldn't read c:\users\dane\documents\development\dodgeball.prt



[Reading texlights from 'lights.rad']
[2 texlights parsed from 'lights.rad']

Loading c:\users\dane\documents\development\dodgeball.bsp
No vis information, direct lighting only.
28 faces
16213 square feet [2334720.00 square inches]
0 Displacements
0 Square Feet [0.00 Square Inches]
0 direct lights
0...1...2...3...4...5...6...7...8...9...10Build Patch/Sample Hash Table(s).....Done<0.0003 sec>
0...1...2...3...4...5...6...7...8...9...10FinalLightFace Done
0 of 0 (0% of) surface lights went in leaf ambient cubes.
0...1...2...3...4...5...6...7...8...9...10Writing leaf ambient...done
Ready to Finish

Object names       Objects/Maxobjs  Memory / Maxmem  Fullness 
------------       ---------------  ---------------  -------- 
models                   1/1024           48/49152    ( 0.1%) 
brushes                  1/8192           12/98304    ( 0.0%) 
brushsides               6/65536          48/524288   ( 0.0%) 
planes                  28/65536         560/1310720  ( 0.0%) 
vertexes                31/65536         372/786432   ( 0.0%) 
nodes                   31/65536         992/2097152  ( 0.0%) 
texinfos                 3/12288         216/884736   ( 0.0%) 
texdata                  1/2048           32/65536    ( 0.0%) 
dispinfos                0/0               0/0        ( 0.0%) 
disp_verts               0/0               0/0        ( 0.0%) 
disp_tris                0/0               0/0        ( 0.0%) 
disp_lmsamples           0/0               0/0        ( 0.0%) 
faces                   28/65536        1568/3670016  ( 0.0%) 
hdr faces                0/65536           0/3670016  ( 0.0%) 
origfaces                6/65536         336/3670016  ( 0.0%) 
leaves                  33/65536        1056/2097152  ( 0.1%) 
leaffaces               28/65536          56/131072   ( 0.0%) 
leafbrushes              4/65536           8/131072   ( 0.0%) 
areas                    2/256            16/2048     ( 0.8%) 
surfedges              136/512000        544/2048000  ( 0.0%) 
edges                   69/256000        276/1024000  ( 0.0%) 
LDR worldlights          0/8192            0/720896   ( 0.0%) 
HDR worldlights          0/8192            0/720896   ( 0.0%) 
leafwaterdata            0/32768           0/393216   ( 0.0%) 
waterstrips              0/32768           0/327680   ( 0.0%) 
waterverts               0/65536           0/786432   ( 0.0%) 
waterindices             0/65536           0/131072   ( 0.0%) 
cubemapsamples           0/1024            0/16384    ( 0.0%) 
overlays                 0/512             0/180224   ( 0.0%) 
LDR lightdata         [variable]      164352/0        ( 0.0%) 
HDR lightdata         [variable]           0/0        ( 0.0%) 
visdata               [variable]           0/16777216 ( 0.0%) 
entdata               [variable]         336/393216   ( 0.1%) 
LDR ambient table       33/65536         132/262144   ( 0.1%) 
HDR ambient table       33/65536         132/262144   ( 0.1%) 
LDR leaf ambient        28/65536         784/1835008  ( 0.0%) 
HDR leaf ambient        33/65536         924/1835008  ( 0.1%) 
occluders                0/0               0/0        ( 0.0%) 
occluder polygons        0/0               0/0        ( 0.0%) 
occluder vert ind        0/0               0/0        ( 0.0%) 
detail props          [variable]           1/12       ( 8.3%) 
static props          [variable]           1/12       ( 8.3%) 
pakfile               [variable]      105667/0        ( 0.0%) 
physics               [variable]         578/4194304  ( 0.0%) 
physics terrain       [variable]           2/1048576  ( 0.0%) 

Level flags = 0

Total triangle count: 56
Writing c:\users\dane\documents\development\dodgeball.bsp
0 seconds elapsed



materialPath: C:\Program Files (x86)\Steam\steamapps\common\Counter-Strike Source\cstrike\materials
Loading C:\Users\Dane\Documents\Development\dodgeball.vmf
Could not locate 'GameData' key in c:\program files (x86)\steam\steamapps\common\counter-strike source\cstrike\gameinfo.txt
fixing up env_cubemap materials on brush sides...
0...1...2...3...4...5...6...7...8...9...100...1...2...3...4...5...6...7...8...9...10Processing areas...done (0)
Building Faces...done (0)
FixTjuncs...
PruneNodes...
WriteBSP...
done (0)
writing C:\Users\Dane\Documents\Development\dodgeball.prt...Building visibility clusters...
done (0)
Creating default LDR cubemaps for env_cubemap using skybox materials:
   skybox/sky_day01_01*.vmt
 ! Run buildcubemaps in the engine to get the correct cube maps.
Creating default HDR cubemaps for env_cubemap using skybox materials:
   skybox/sky_day01_01*.vmt
 ! Run buildcubemaps in the engine to get the correct cube maps.
Finding displacement neighbors...
Finding lightmap sample positions...
Displacement Alpha : 0...1...2...3...4...5...6...7...8...9...10
Building Physics collision data...
done (0) (2282 bytes)
Placing detail props : 0...1...2...3...4...5...6...7...8...9...10
Compacting texture/material tables...
Reduced 10 texinfos to 3
Reduced 1 texdatas to 1 (27 bytes to 27)
Writing C:\Users\Dane\Documents\Development\dodgeball.bsp
Wrote ZIP buffer, estimated size 105881, actual size 105667
0 seconds elapsed



4 threads
reading c:\users\dane\documents\development\dodgeball.bsp
reading c:\users\dane\documents\development\dodgeball.prt
   8 portalclusters
  10 numportals
0...1...2...3...4...5...6...7...8...9...100...1...2...3...4...5...6...7...8...9...10Optimized: 0 visible clusters (0.00%)
Total clusters visible: 64
Average clusters visible: 8
Building PAS...
Average clusters audible: 8
visdatasize:84  compressed from 128
writing c:\users\dane\documents\development\dodgeball.bsp
0 seconds elapsed



[Reading texlights from 'lights.rad']
[2 texlights parsed from 'lights.rad']

Loading c:\users\dane\documents\development\dodgeball.bsp
86 faces
72931 square feet [10502144.00 square inches]
0 Displacements
0 Square Feet [0.00 Square Inches]
86 patches before subdivision
9738 patches after subdivision
0 direct lights
0...1...2...3...4...5...6...7...8...9...100...1...2...3...4...5...6...7...8...9...10transfers 1356735, max 374
transfer lists:  10.4 megs
0...1...2...3...4...5...6...7...8...9...10	Bounce #1 added RGB(0, 0, 0)
Build Patch/Sample Hash Table(s).....Done<0.0021 sec>
0...1...2...3...4...5...6...7...8...9...10FinalLightFace Done
0 of 0 (0% of) surface lights went in leaf ambient cubes.
0...1...2...3...4...5...6...7...8...9...10Writing leaf ambient...done
Ready to Finish

Object names       Objects/Maxobjs  Memory / Maxmem  Fullness 
------------       ---------------  ---------------  -------- 
models                   1/1024           48/49152    ( 0.1%) 
brushes                  6/8192           72/98304    ( 0.1%) 
brushsides              36/65536         288/524288   ( 0.1%) 
planes                  44/65536         880/1310720  ( 0.1%) 
vertexes               117/65536        1404/786432   ( 0.2%) 
nodes                   45/65536        1440/2097152  ( 0.1%) 
texinfos                 3/12288         216/884736   ( 0.0%) 
texdata                  1/2048           32/65536    ( 0.0%) 
dispinfos                0/0               0/0        ( 0.0%) 
disp_verts               0/0               0/0        ( 0.0%) 
disp_tris                0/0               0/0        ( 0.0%) 
disp_lmsamples           0/0               0/0        ( 0.0%) 
faces                   86/65536        4816/3670016  ( 0.1%) 
hdr faces                0/65536           0/3670016  ( 0.0%) 
origfaces                6/65536         336/3670016  ( 0.0%) 
leaves                  47/65536        1504/2097152  ( 0.1%) 
leaffaces               86/65536         172/131072   ( 0.1%) 
leafbrushes             28/65536          56/131072   ( 0.0%) 
areas                    2/256            16/2048     ( 0.8%) 
surfedges              376/512000       1504/2048000  ( 0.1%) 
edges                  201/256000        804/1024000  ( 0.1%) 
LDR worldlights          0/8192            0/720896   ( 0.0%) 
HDR worldlights          0/8192            0/720896   ( 0.0%) 
leafwaterdata            0/32768           0/393216   ( 0.0%) 
waterstrips              2/32768          20/327680   ( 0.0%) 
waterverts               0/65536           0/786432   ( 0.0%) 
waterindices            24/65536          48/131072   ( 0.0%) 
cubemapsamples           0/1024            0/16384    ( 0.0%) 
overlays                 0/512             0/180224   ( 0.0%) 
LDR lightdata         [variable]      720264/0        ( 0.0%) 
HDR lightdata         [variable]           0/0        ( 0.0%) 
visdata               [variable]          84/16777216 ( 0.0%) 
entdata               [variable]         757/393216   ( 0.2%) 
LDR ambient table       47/65536         188/262144   ( 0.1%) 
HDR ambient table       47/65536         188/262144   ( 0.1%) 
LDR leaf ambient         8/65536         224/1835008  ( 0.0%) 
HDR leaf ambient        47/65536        1316/1835008  ( 0.1%) 
occluders                0/0               0/0        ( 0.0%) 
occluder polygons        0/0               0/0        ( 0.0%) 
occluder vert ind        0/0               0/0        ( 0.0%) 
detail props          [variable]           1/12       ( 8.3%) 
static props          [variable]           1/12       ( 8.3%) 
pakfile               [variable]      105667/0        ( 0.0%) 
physics               [variable]        2282/4194304  ( 0.1%) 
physics terrain       [variable]           2/1048576  ( 0.0%) 

Level flags = 0

Total triangle count: 180
Writing c:\users\dane\documents\development\dodgeball.bsp
0 seconds elapsed



materialPath: C:\Program Files (x86)\Steam\SteamApps\common\GarrysMod\garrysmod\materials
Loading C:\Users\Dane\Documents\Development\dodgeball.vmf
Could not locate 'GameData' key in c:\program files (x86)\steam\steamapps\common\garrysmod\garrysmod\gameinfo.txt
fixing up env_cubemap materials on brush sides...
0...1...2...3...4...5...6...7...8...9...100...1...2...3...4...5...6...7...8...9...10Processing areas...done (0)
Building Faces...done (0)
FixTjuncs...
PruneNodes...
WriteBSP...
done (0)
writing C:\Users\Dane\Documents\Development\dodgeball.prt...Building visibility clusters...
done (0)
Creating default LDR cubemaps for env_cubemap using skybox materials:
   skybox/sky_day01_01*.vmt
 ! Run buildcubemaps in the engine to get the correct cube maps.
Creating default HDR cubemaps for env_cubemap using skybox materials:
   skybox/sky_day01_01*.vmt
 ! Run buildcubemaps in the engine to get the correct cube maps.
Finding displacement neighbors...
Finding lightmap sample positions...
Displacement Alpha : 0...1...2...3...4...5...6...7...8...9...10
Building Physics collision data...
done (0) (2282 bytes)
Placing detail props : 0...1...2...3...4...5...6...7...8...9...10
Compacting texture/material tables...
Reduced 10 texinfos to 3
Reduced 1 texdatas to 1 (27 bytes to 27)
Writing C:\Users\Dane\Documents\Development\dodgeball.bsp
0 seconds elapsed



4 threads
reading c:\users\dane\documents\development\dodgeball.bsp
reading c:\users\dane\documents\development\dodgeball.prt
   8 portalclusters
  10 numportals
0...1...2...3...4...5...6...7...8...9...100...1...2...3...4...5...6...7...8...9...10Optimized: 0 visible clusters (0.00%)
Total clusters visible: 64
Average clusters visible: 8
Building PAS...
Average clusters audible: 8
visdatasize:84  compressed from 128
writing c:\users\dane\documents\development\dodgeball.bsp
0 seconds elapsed



[Reading texlights from 'lights.rad']
[45 texlights parsed from 'lights.rad']

Loading c:\users\dane\documents\development\dodgeball.bsp
86 faces
72931 square feet [10502144.00 square inches]
0 Displacements
0 Square Feet [0.00 Square Inches]
86 patches before subdivision
9738 patches after subdivision
0 direct lights
0...1...2...3...4...5...6...7...8...9...100...1...2...3...4...5...6...7...8...9...10transfers 1356735, max 374
transfer lists:  10.4 megs
0...1...2...3...4...5...6...7...8...9...10	Bounce #1 added RGB(0, 0, 0)
Build Patch/Sample Hash Table(s).....Done<0.0020 sec>
0...1...2...3...4...5...6...7...8...9...10FinalLightFace Done
0 of 0 (0% of) surface lights went in leaf ambient cubes.
0...1...2...3...4...5...6...7...8...9...10Writing leaf ambient...done
Ready to Finish

Object names       Objects/Maxobjs  Memory / Maxmem  Fullness 
------------       ---------------  ---------------  -------- 
models                   1/1024           48/49152    ( 0.1%) 
brushes                  6/8192           72/98304    ( 0.1%) 
brushsides              36/65536         288/524288   ( 0.1%) 
planes                  44/65536         880/1310720  ( 0.1%) 
vertexes               117/65536        1404/786432   ( 0.2%) 
nodes                   45/65536        1440/2097152  ( 0.1%) 
texinfos                 3/12288         216/884736   ( 0.0%) 
texdata                  1/2048           32/65536    ( 0.0%) 
dispinfos                0/0               0/0        ( 0.0%) 
disp_verts               0/0               0/0        ( 0.0%) 
disp_tris                0/0               0/0        ( 0.0%) 
disp_lmsamples           0/0               0/0        ( 0.0%) 
faces                   86/65536        4816/3670016  ( 0.1%) 
hdr faces                0/65536           0/3670016  ( 0.0%) 
origfaces                6/65536         336/3670016  ( 0.0%) 
leaves                  47/65536        1504/2097152  ( 0.1%) 
leaffaces               86/65536         172/131072   ( 0.1%) 
leafbrushes             28/65536          56/131072   ( 0.0%) 
areas                    2/256            16/2048     ( 0.8%) 
surfedges              376/512000       1504/2048000  ( 0.1%) 
edges                  201/256000        804/1024000  ( 0.1%) 
LDR worldlights          0/8192            0/720896   ( 0.0%) 
HDR worldlights          0/8192            0/720896   ( 0.0%) 
leafwaterdata            0/32768           0/393216   ( 0.0%) 
waterstrips              2/32768          20/327680   ( 0.0%) 
waterverts               0/65536           0/786432   ( 0.0%) 
waterindices            24/65536          48/131072   ( 0.0%) 
cubemapsamples           0/1024            0/16384    ( 0.0%) 
overlays                 0/512             0/180224   ( 0.0%) 
LDR lightdata         [variable]      720264/0        ( 0.0%) 
HDR lightdata         [variable]           0/0        ( 0.0%) 
visdata               [variable]          84/16777216 ( 0.0%) 
entdata               [variable]        1863/393216   ( 0.5%) 
LDR ambient table       47/65536         188/262144   ( 0.1%) 
HDR ambient table       47/65536         188/262144   ( 0.1%) 
LDR leaf ambient         8/65536         224/1835008  ( 0.0%) 
HDR leaf ambient        47/65536        1316/1835008  ( 0.1%) 
occluders                0/0               0/0        ( 0.0%) 
occluder polygons        0/0               0/0        ( 0.0%) 
occluder vert ind        0/0               0/0        ( 0.0%) 
detail props          [variable]           1/12       ( 8.3%) 
static props          [variable]           1/12       ( 8.3%) 
pakfile               [variable]      105667/0        ( 0.0%) 
physics               [variable]        2282/4194304  ( 0.1%) 
physics terrain       [variable]           2/1048576  ( 0.0%) 

Level flags = 0

Total triangle count: 180
Writing c:\users\dane\documents\development\dodgeball.bsp
0 seconds elapsed



materialPath: C:\Program Files (x86)\Steam\SteamApps\common\GarrysMod\garrysmod\materials
Loading C:\Program Files (x86)\Steam\SteamApps\common\GarrysMod\garrysmod\gamemodes\pistolsatdawn\entities\maps\pd_dodgeball.vmf
Could not locate 'GameData' key in c:\program files (x86)\steam\steamapps\common\garrysmod\garrysmod\gameinfo.txt
fixing up env_cubemap materials on brush sides...
0...1...2...3...4...5...6...7...8...9...100...1...2...3...4...5...6...7...8...9...10Processing areas...done (0)
Building Faces...done (0)
FixTjuncs...
PruneNodes...
WriteBSP...
done (0)
writing C:\Program Files (x86)\Steam\SteamApps\common\GarrysMod\garrysmod\gamemodes\pistolsatdawn\entities\maps\pd_dodgeball.prt...Building visibility clusters...
done (0)
Creating default LDR cubemaps for env_cubemap using skybox materials:
   skybox/sky_day01_01*.vmt
 ! Run buildcubemaps in the engine to get the correct cube maps.
Creating default HDR cubemaps for env_cubemap using skybox materials:
   skybox/sky_day01_01*.vmt
 ! Run buildcubemaps in the engine to get the correct cube maps.
Finding displacement neighbors...
Finding lightmap sample positions...
Displacement Alpha : 0...1...2...3...4...5...6...7...8...9...10
Building Physics collision data...
done (0) (2282 bytes)
Placing detail props : 0...1...2...3...4...5...6...7...8...9...10
Compacting texture/material tables...
Reduced 10 texinfos to 3
Reduced 1 texdatas to 1 (27 bytes to 27)
Writing C:\Program Files (x86)\Steam\SteamApps\common\GarrysMod\garrysmod\gamemodes\pistolsatdawn\entities\maps\pd_dodgeball.bsp
0 seconds elapsed



4 threads
reading c:\program files (x86)\steam\steamapps\common\garrysmod\garrysmod\gamemodes\pistolsatdawn\entities\maps\pd_dodgeball.bsp
reading c:\program files (x86)\steam\steamapps\common\garrysmod\garrysmod\gamemodes\pistolsatdawn\entities\maps\pd_dodgeball.prt
   8 portalclusters
  10 numportals
0...1...2...3...4...5...6...7...8...9...100...1...2...3...4...5...6...7...8...9...10Optimized: 0 visible clusters (0.00%)
Total clusters visible: 64
Average clusters visible: 8
Building PAS...
Average clusters audible: 8
visdatasize:84  compressed from 128
writing c:\program files (x86)\steam\steamapps\common\garrysmod\garrysmod\gamemodes\pistolsatdawn\entities\maps\pd_dodgeball.bsp
0 seconds elapsed



[Reading texlights from 'lights.rad']
[45 texlights parsed from 'lights.rad']

Loading c:\program files (x86)\steam\steamapps\common\garrysmod\garrysmod\gamemodes\pistolsatdawn\entities\maps\pd_dodgeball.bsp
86 faces
72931 square feet [10502144.00 square inches]
0 Displacements
0 Square Feet [0.00 Square Inches]
86 patches before subdivision
9738 patches after subdivision
0 direct lights
0...1...2...3...4...5...6...7...8...9...100...1...2...3...4...5...6...7...8...9...10transfers 1356735, max 374
transfer lists:  10.4 megs
0...1...2...3...4...5...6...7...8...9...10	Bounce #1 added RGB(0, 0, 0)
Build Patch/Sample Hash Table(s).....Done<0.0020 sec>
0...1...2...3...4...5...6...7...8...9...10FinalLightFace Done
0 of 0 (0% of) surface lights went in leaf ambient cubes.
0...1...2...3...4...5...6...7...8...9...10Writing leaf ambient...done
Ready to Finish

Object names       Objects/Maxobjs  Memory / Maxmem  Fullness 
------------       ---------------  ---------------  -------- 
models                   1/1024           48/49152    ( 0.1%) 
brushes                  6/8192           72/98304    ( 0.1%) 
brushsides              36/65536         288/524288   ( 0.1%) 
planes                  44/65536         880/1310720  ( 0.1%) 
vertexes               117/65536        1404/786432   ( 0.2%) 
nodes                   45/65536        1440/2097152  ( 0.1%) 
texinfos                 3/12288         216/884736   ( 0.0%) 
texdata                  1/2048           32/65536    ( 0.0%) 
dispinfos                0/0               0/0        ( 0.0%) 
disp_verts               0/0               0/0        ( 0.0%) 
disp_tris                0/0               0/0        ( 0.0%) 
disp_lmsamples           0/0               0/0        ( 0.0%) 
faces                   86/65536        4816/3670016  ( 0.1%) 
hdr faces                0/65536           0/3670016  ( 0.0%) 
origfaces                6/65536         336/3670016  ( 0.0%) 
leaves                  47/65536        1504/2097152  ( 0.1%) 
leaffaces               86/65536         172/131072   ( 0.1%) 
leafbrushes             28/65536          56/131072   ( 0.0%) 
areas                    2/256            16/2048     ( 0.8%) 
surfedges              376/512000       1504/2048000  ( 0.1%) 
edges                  201/256000        804/1024000  ( 0.1%) 
LDR worldlights          0/8192            0/720896   ( 0.0%) 
HDR worldlights          0/8192            0/720896   ( 0.0%) 
leafwaterdata            0/32768           0/393216   ( 0.0%) 
waterstrips              2/32768          20/327680   ( 0.0%) 
waterverts               0/65536           0/786432   ( 0.0%) 
waterindices            24/65536          48/131072   ( 0.0%) 
cubemapsamples           0/1024            0/16384    ( 0.0%) 
overlays                 0/512             0/180224   ( 0.0%) 
LDR lightdata         [variable]      720264/0        ( 0.0%) 
HDR lightdata         [variable]           0/0        ( 0.0%) 
visdata               [variable]          84/16777216 ( 0.0%) 
entdata               [variable]        3479/393216   ( 0.9%) 
LDR ambient table       47/65536         188/262144   ( 0.1%) 
HDR ambient table       47/65536         188/262144   ( 0.1%) 
LDR leaf ambient         8/65536         224/1835008  ( 0.0%) 
HDR leaf ambient        47/65536        1316/1835008  ( 0.1%) 
occluders                0/0               0/0        ( 0.0%) 
occluder polygons        0/0               0/0        ( 0.0%) 
occluder vert ind        0/0               0/0        ( 0.0%) 
detail props          [variable]           1/12       ( 8.3%) 
static props          [variable]           1/12       ( 8.3%) 
pakfile               [variable]      105679/0        ( 0.0%) 
physics               [variable]        2282/4194304  ( 0.1%) 
physics terrain       [variable]           2/1048576  ( 0.0%) 

Level flags = 0

Total triangle count: 180
Writing c:\program files (x86)\steam\steamapps\common\garrysmod\garrysmod\gamemodes\pistolsatdawn\entities\maps\pd_dodgeball.bsp
0 seconds elapsed
